<?xml version="1.0" encoding="UTF-8"?>
<testsuite xmlns:xsi="http://www.w3.org/2001/XMLSchema-instance" xsi:noNamespaceSchemaLocation="https://maven.apache.org/surefire/maven-surefire-plugin/xsd/surefire-test-report.xsd" name="dyaz.io.unit.test.CalculatorTest" time="0.034" tests="4" errors="0" skipped="1" failures="0">
  <properties>
[...]
</properties>
  <testcase name="testDivideFailed" classname="dyaz.io.unit.test.CalculatorTest" time="0.015"/>
  <testcase name="testAddSuccess" classname="dyaz.io.unit.test.CalculatorTest" time="0.001"/>
  <testcase name="testComingSoon" classname="dyaz.io.unit.test.CalculatorTest" time="0">
    <skipped message="public void dyaz.io.unit.test.CalculatorTest.testComingSoon() is @Disabled"/>
  </testcase>
  <testcase name="testDivideSuccess" classname="dyaz.io.unit.test.CalculatorTest" time="0.001"/>
</testsuite>